[20:33:42] [ServerMain/INFO]: [bootstrap] Running Java 21 (OpenJDK 64-Bit Server VM 21.0.7+6-Ubuntu-0ubuntu120.04; Ubuntu null) on Linux 6.8.0-1027-azure (amd64)
[20:33:42] [ServerMain/INFO]: [bootstrap] Loading Paper 1.21-130-master@b1b5d4c (2024-08-10T10:02:42Z) for Minecraft 1.21
[20:33:42] [ServerMain/INFO]: [PluginInitializerManager] Initializing plugins...
[20:33:42] [ServerMain/INFO]: [PluginInitializerManager] Initialized 0 plugins
[20:33:42] [Paper Plugin Remapper Thread - 1/INFO]: [ReobfServer] Remapping server...
[20:33:48] [ServerMain/INFO]: Environment: Environment[sessionHost=https://sessionserver.mojang.com, servicesHost=https://api.minecraftservices.com, name=PROD]
[20:33:48] [ServerMain/INFO]: Found new data pack file/bukkit, loading it automatically
[20:33:48] [ServerMain/INFO]: Found new data pack paper, loading it automatically
[20:33:50] [ServerMain/INFO]: No existing world data, creating new world
[20:33:51] [ServerMain/INFO]: Loaded 1290 recipes
[20:33:51] [Paper Plugin Remapper Thread - 1/INFO]: [ReobfServer] Done remapping server in 8875ms.
[20:33:51] [ServerMain/INFO]: Loaded 1399 advancements
[20:33:52] [Server thread/INFO]: Starting minecraft server version 1.21
[20:33:52] [Server thread/INFO]: Loading properties
[20:33:52] [Server thread/INFO]: This server is running Paper version 1.21-130-master@b1b5d4c (2024-08-10T10:02:42Z) (Implementing API version 1.21-R0.1-SNAPSHOT)
[20:33:52] [Server thread/INFO]: [spark] This server bundles the spark profiler. For more information please visit https://docs.papermc.io/paper/profiling
[20:33:53] [Server thread/INFO]: Server Ping Player Sample Count: 12
[20:33:53] [Server thread/INFO]: Using 4 threads for Netty based IO
[20:33:53] [Server thread/INFO]: [ChunkTaskScheduler] Chunk system is using 1 I/O threads, 1 worker threads, and population gen parallelism of 1 threads
[20:33:53] [Server thread/INFO]: Default game type: SURVIVAL
[20:33:53] [Server thread/INFO]: Generating keypair
[20:33:53] [Server thread/INFO]: Starting Minecraft server on *:25565
[20:33:54] [Server thread/INFO]: Using epoll channel type
[20:33:54] [Server thread/INFO]: Paper: Using libdeflate (Linux x86_64) compression from Velocity.
[20:33:54] [Server thread/INFO]: Paper: Using OpenSSL 1.1.x (Linux x86_64) cipher from Velocity.
[20:33:54] [Server thread/WARN]: **** SERVER IS RUNNING IN OFFLINE/INSECURE MODE!
[20:33:54] [Server thread/WARN]: The server will make no attempt to authenticate usernames. Beware.
[20:33:54] [Server thread/WARN]: While this makes the game possible to play without internet access, it also opens up the ability for hackers to connect with any username they choose.
[20:33:54] [Server thread/WARN]: To change this, set "online-mode" to "true" in the server.properties file.
[20:33:54] [Server thread/INFO]: Preparing level "world"
[20:34:03] [Server thread/INFO]: Preparing start region for dimension minecraft:overworld
[20:34:09] [Server thread/INFO]: Time elapsed: 5999 ms
[20:34:09] [Server thread/INFO]: Preparing start region for dimension minecraft:the_nether
[20:34:11] [Server thread/INFO]: Time elapsed: 1748 ms
[20:34:11] [Server thread/INFO]: Preparing start region for dimension minecraft:the_end
[20:34:11] [Server thread/INFO]: Time elapsed: 535 ms
[20:34:11] [Server thread/INFO]: [spark] Starting background profiler...
[20:34:12] [Server thread/INFO]: Done preparing level "world" (17.996s)
[20:34:12] [Server thread/INFO]: Running delayed init tasks
[20:34:12] [Server thread/INFO]: Done (30.547s)! For help, type "help"
[20:34:12] [Server thread/INFO]: *************************************************************************************
[20:34:12] [Server thread/INFO]: This is the first time you're starting this server.
[20:34:12] [Server thread/INFO]: It's recommended you read our 'Getting Started' documentation for guidance.
[20:34:12] [Server thread/INFO]: View this and more helpful information here: https://docs.papermc.io/paper/next-steps
[20:34:12] [Server thread/INFO]: *************************************************************************************
[20:34:12] [Server thread/INFO]: Timings Reset
